# JRE version: OpenJDK Runtime Environment (11.0.13) (build 11.0.13+0-b1751.21-8125866)
# Java VM: OpenJDK 64-Bit Server VM (11.0.13+0-b1751.21-8125866, mixed mode, tiered, compressed oops, g1 gc, windows-amd64)
Heap:
 garbage-first heap   total 131072K, used 67834K [0x0000000081400000, 0x0000000100000000)
  region size 1024K, 52 young (53248K), 7 survivors (7168K)
 Metaspace       used 45241K, capacity 45731K, committed 45824K, reserved 1089536K
  class space    used 5351K, capacity 5571K, committed 5632K, reserved 1048576K
GC Heap History (8 events):
Event: 0.682 GC heap before
{Heap before GC invocations=0 (full 0):
 garbage-first heap   total 131072K, used 17408K [0x0000000081400000, 0x0000000100000000)
  region size 1024K, 14 young (14336K), 0 survivors (0K)
 Metaspace       used 9866K, capacity 9970K, committed 10112K, reserved 1058816K
  class space    used 827K, capacity 853K, committed 896K, reserved 1048576K
}
Event: 0.686 GC heap after
{Heap after GC invocations=1 (full 0):
 garbage-first heap   total 131072K, used 5472K [0x0000000081400000, 0x0000000100000000)
  region size 1024K, 2 young (2048K), 2 survivors (2048K)
 Metaspace       used 9866K, capacity 9970K, committed 10112K, reserved 1058816K
  class space    used 827K, capacity 853K, committed 896K, reserved 1048576K
}
Event: 2.200 GC heap before
{Heap before GC invocations=1 (full 0):
 garbage-first heap   total 131072K, used 51552K [0x0000000081400000, 0x0000000100000000)
  region size 1024K, 48 young (49152K), 2 survivors (2048K)
 Metaspace       used 20951K, capacity 21188K, committed 21248K, reserved 1069056K
  class space    used 2198K, capacity 2301K, committed 2304K, reserved 1048576K
}
Event: 2.219 GC heap after
{Heap after GC invocations=2 (full 0):
 garbage-first heap   total 131072K, used 9793K [0x0000000081400000, 0x0000000100000000)
  region size 1024K, 7 young (7168K), 7 survivors (7168K)
 Metaspace       used 20951K, capacity 21188K, committed 21248K, reserved 1069056K
  class space    used 2198K, capacity 2301K, committed 2304K, reserved 1048576K
}
Event: 3.288 GC heap before
{Heap before GC invocations=3 (full 0):
 garbage-first heap   total 131072K, used 45633K [0x0000000081400000, 0x0000000100000000)
  region size 1024K, 39 young (39936K), 7 survivors (7168K)
 Metaspace       used 30698K, capacity 31096K, committed 31232K, reserved 1077248K
  class space    used 3621K, capacity 3793K, committed 3840K, reserved 1048576K
}
Event: 3.307 GC heap after
{Heap after GC invocations=4 (full 0):
 garbage-first heap   total 131072K, used 15494K [0x0000000081400000, 0x0000000100000000)
  region size 1024K, 3 young (3072K), 3 survivors (3072K)
 Metaspace       used 30698K, capacity 31096K, committed 31232K, reserved 1077248K
  class space    used 3621K, capacity 3793K, committed 3840K, reserved 1048576K
}
Event: 4.348 GC heap before
{Heap before GC invocations=4 (full 0):
 garbage-first heap   total 131072K, used 48262K [0x0000000081400000, 0x0000000100000000)
  region size 1024K, 34 young (34816K), 3 survivors (3072K)
 Metaspace       used 35354K, capacity 35725K, committed 35840K, reserved 1081344K
  class space    used 4337K, capacity 4503K, committed 4608K, reserved 1048576K
}
Event: 4.366 GC heap after
{Heap after GC invocations=5 (full 0):
 garbage-first heap   total 131072K, used 22778K [0x0000000081400000, 0x0000000100000000)
  region size 1024K, 7 young (7168K), 7 survivors (7168K)
 Metaspace       used 35354K, capacity 35725K, committed 35840K, reserved 1081344K
  class space    used 4337K, capacity 4503K, committed 4608K, reserved 1048576K
}

