# JRE version: OpenJDK Runtime Environment (11.0.13) (build 11.0.13+0-b1751.21-8125866)
# Java VM: OpenJDK 64-Bit Server VM (11.0.13+0-b1751.21-8125866, mixed mode, tiered, compressed oops, g1 gc, windows-amd64)
Heap:
 garbage-first heap   total 371712K, used 254026K [0x0000000080000000, 0x0000000100000000)
  region size 1024K, 65 young (66560K), 3 survivors (3072K)
 Metaspace       used 108318K, capacity 110989K, committed 111184K, reserved 1144832K
  class space    used 13962K, capacity 15004K, committed 15104K, reserved 1048576K
GC Heap History (20 events):
Event: 59.569 GC heap before
{Heap before GC invocations=51 (full 0):
 garbage-first heap   total 299008K, used 264320K [0x0000000080000000, 0x0000000100000000)
  region size 1024K, 32 young (32768K), 5 survivors (5120K)
 Metaspace       used 104754K, capacity 107250K, committed 107600K, reserved 1142784K
  class space    used 13502K, capacity 14473K, committed 14592K, reserved 1048576K
}
Event: 59.586 GC heap after
{Heap after GC invocations=52 (full 0):
 garbage-first heap   total 299008K, used 240779K [0x0000000080000000, 0x0000000100000000)
  region size 1024K, 4 young (4096K), 4 survivors (4096K)
 Metaspace       used 104754K, capacity 107250K, committed 107600K, reserved 1142784K
  class space    used 13502K, capacity 14473K, committed 14592K, reserved 1048576K
}
Event: 59.842 GC heap before
{Heap before GC invocations=52 (full 0):
 garbage-first heap   total 299008K, used 258187K [0x0000000080000000, 0x0000000100000000)
  region size 1024K, 21 young (21504K), 4 survivors (4096K)
 Metaspace       used 105167K, capacity 107602K, committed 107856K, reserved 1142784K
  class space    used 13536K, capacity 14505K, committed 14592K, reserved 1048576K
}
Event: 59.857 GC heap after
{Heap after GC invocations=53 (full 0):
 garbage-first heap   total 299008K, used 241548K [0x0000000080000000, 0x0000000100000000)
  region size 1024K, 1 young (1024K), 1 survivors (1024K)
 Metaspace       used 105167K, capacity 107602K, committed 107856K, reserved 1142784K
  class space    used 13536K, capacity 14505K, committed 14592K, reserved 1048576K
}
Event: 60.027 GC heap before
{Heap before GC invocations=54 (full 0):
 garbage-first heap   total 299008K, used 259980K [0x0000000080000000, 0x0000000100000000)
  region size 1024K, 19 young (19456K), 1 survivors (1024K)
 Metaspace       used 105448K, capacity 107899K, committed 108112K, reserved 1142784K
  class space    used 13562K, capacity 14540K, committed 14592K, reserved 1048576K
}
Event: 60.034 GC heap after
{Heap after GC invocations=55 (full 0):
 garbage-first heap   total 299008K, used 242309K [0x0000000080000000, 0x0000000100000000)
  region size 1024K, 2 young (2048K), 2 survivors (2048K)
 Metaspace       used 105448K, capacity 107899K, committed 108112K, reserved 1142784K
  class space    used 13562K, capacity 14540K, committed 14592K, reserved 1048576K
}
Event: 60.358 GC heap before
{Heap before GC invocations=55 (full 0):
 garbage-first heap   total 299008K, used 254597K [0x0000000080000000, 0x0000000100000000)
  region size 1024K, 14 young (14336K), 2 survivors (2048K)
 Metaspace       used 105870K, capacity 108275K, committed 108368K, reserved 1142784K
  class space    used 13612K, capacity 14579K, committed 14592K, reserved 1048576K
}
Event: 60.376 GC heap after
{Heap after GC invocations=56 (full 0):
 garbage-first heap   total 299008K, used 240693K [0x0000000080000000, 0x0000000100000000)
  region size 1024K, 2 young (2048K), 2 survivors (2048K)
 Metaspace       used 105870K, capacity 108275K, committed 108368K, reserved 1142784K
  class space    used 13612K, capacity 14579K, committed 14592K, reserved 1048576K
}
Event: 61.467 GC heap before
{Heap before GC invocations=56 (full 0):
 garbage-first heap   total 299008K, used 257077K [0x0000000080000000, 0x0000000100000000)
  region size 1024K, 19 young (19456K), 2 survivors (2048K)
 Metaspace       used 106173K, capacity 108650K, committed 108752K, reserved 1142784K
  class space    used 13647K, capacity 14631K, committed 14720K, reserved 1048576K
}
Event: 61.479 GC heap after
{Heap after GC invocations=57 (full 0):
 garbage-first heap   total 299008K, used 241360K [0x0000000080000000, 0x0000000100000000)
  region size 1024K, 2 young (2048K), 2 survivors (2048K)
 Metaspace       used 106173K, capacity 108650K, committed 108752K, reserved 1142784K
  class space    used 13647K, capacity 14631K, committed 14720K, reserved 1048576K
}
Event: 62.782 GC heap before
{Heap before GC invocations=58 (full 0):
 garbage-first heap   total 299008K, used 275152K [0x0000000080000000, 0x0000000100000000)
  region size 1024K, 20 young (20480K), 2 survivors (2048K)
 Metaspace       used 106297K, capacity 108796K, committed 109008K, reserved 1144832K
  class space    used 13664K, capacity 14653K, committed 14720K, reserved 1048576K
}
Event: 62.789 GC heap after
{Heap after GC invocations=59 (full 0):
 garbage-first heap   total 299008K, used 258096K [0x0000000080000000, 0x0000000100000000)
  region size 1024K, 2 young (2048K), 2 survivors (2048K)
 Metaspace       used 106297K, capacity 108796K, committed 109008K, reserved 1144832K
  class space    used 13664K, capacity 14653K, committed 14720K, reserved 1048576K
}
Event: 63.072 GC heap before
{Heap before GC invocations=59 (full 0):
 garbage-first heap   total 299008K, used 270384K [0x0000000080000000, 0x0000000100000000)
  region size 1024K, 14 young (14336K), 2 survivors (2048K)
 Metaspace       used 106300K, capacity 108802K, committed 109008K, reserved 1144832K
  class space    used 13665K, capacity 14655K, committed 14720K, reserved 1048576K
}
Event: 63.090 GC heap after
{Heap after GC invocations=60 (full 0):
 garbage-first heap   total 299008K, used 222290K [0x0000000080000000, 0x0000000100000000)
  region size 1024K, 1 young (1024K), 1 survivors (1024K)
 Metaspace       used 106300K, capacity 108802K, committed 109008K, reserved 1144832K
  class space    used 13665K, capacity 14655K, committed 14720K, reserved 1048576K
}
Event: 63.270 GC heap before
{Heap before GC invocations=60 (full 0):
 garbage-first heap   total 299008K, used 235602K [0x0000000080000000, 0x0000000100000000)
  region size 1024K, 14 young (14336K), 1 survivors (1024K)
 Metaspace       used 106325K, capacity 108898K, committed 109008K, reserved 1144832K
  class space    used 13669K, capacity 14687K, committed 14720K, reserved 1048576K
}
Event: 63.310 GC heap after
{Heap after GC invocations=61 (full 0):
 garbage-first heap   total 299008K, used 210600K [0x0000000080000000, 0x0000000100000000)
  region size 1024K, 2 young (2048K), 2 survivors (2048K)
 Metaspace       used 106325K, capacity 108898K, committed 109008K, reserved 1144832K
  class space    used 13669K, capacity 14687K, committed 14720K, reserved 1048576K
}
Event: 63.758 GC heap before
{Heap before GC invocations=61 (full 0):
 garbage-first heap   total 299008K, used 242344K [0x0000000080000000, 0x0000000100000000)
  region size 1024K, 33 young (33792K), 2 survivors (2048K)
 Metaspace       used 106327K, capacity 108898K, committed 109008K, reserved 1144832K
  class space    used 13669K, capacity 14687K, committed 14720K, reserved 1048576K
}
Event: 63.770 GC heap after
{Heap after GC invocations=62 (full 0):
 garbage-first heap   total 299008K, used 190777K [0x0000000080000000, 0x0000000100000000)
  region size 1024K, 2 young (2048K), 2 survivors (2048K)
 Metaspace       used 106327K, capacity 108898K, committed 109008K, reserved 1144832K
  class space    used 13669K, capacity 14687K, committed 14720K, reserved 1048576K
}
Event: 64.610 GC heap before
{Heap before GC invocations=62 (full 0):
 garbage-first heap   total 299008K, used 232761K [0x0000000080000000, 0x0000000100000000)
  region size 1024K, 43 young (44032K), 2 survivors (2048K)
 Metaspace       used 106327K, capacity 108898K, committed 109008K, reserved 1144832K
  class space    used 13669K, capacity 14687K, committed 14720K, reserved 1048576K
}
Event: 64.617 GC heap after
{Heap after GC invocations=63 (full 0):
 garbage-first heap   total 371712K, used 191562K [0x0000000080000000, 0x0000000100000000)
  region size 1024K, 3 young (3072K), 3 survivors (3072K)
 Metaspace       used 106327K, capacity 108898K, committed 109008K, reserved 1144832K
  class space    used 13669K, capacity 14687K, committed 14720K, reserved 1048576K
}

