Heap:
 garbage-first heap   total 574464K, used 359280K [0x0000000080000000, 0x0000000100000000)
  region size 1024K, 56 young (57344K), 2 survivors (2048K)
 Metaspace       used 138554K, capacity 141647K, committed 141852K, reserved 1173504K
  class space    used 17089K, capacity 18251K, committed 18328K, reserved 1048576K
GC Heap History (20 events):
Event: 9960.335 GC heap before
{Heap before GC invocations=79 (full 0):
 garbage-first heap   total 328704K, used 240745K [0x0000000080000000, 0x0000000100000000)
  region size 1024K, 62 young (63488K), 3 survivors (3072K)
 Metaspace       used 128342K, capacity 130971K, committed 131228K, reserved 1163264K
  class space    used 15613K, capacity 16610K, committed 16664K, reserved 1048576K
}
Event: 9960.356 GC heap after
{Heap after GC invocations=80 (full 0):
 garbage-first heap   total 328704K, used 186311K [0x0000000080000000, 0x0000000100000000)
  region size 1024K, 8 young (8192K), 8 survivors (8192K)
 Metaspace       used 128342K, capacity 130971K, committed 131228K, reserved 1163264K
  class space    used 15613K, capacity 16610K, committed 16664K, reserved 1048576K
}
Event: 9960.633 GC heap before
{Heap before GC invocations=80 (full 0):
 garbage-first heap   total 328704K, used 193479K [0x0000000080000000, 0x0000000100000000)
  region size 1024K, 16 young (16384K), 8 survivors (8192K)
 Metaspace       used 128346K, capacity 130971K, committed 131228K, reserved 1163264K
  class space    used 15613K, capacity 16610K, committed 16664K, reserved 1048576K
}
Event: 9960.659 GC heap after
{Heap after GC invocations=81 (full 0):
 garbage-first heap   total 395264K, used 177639K [0x0000000080000000, 0x0000000100000000)
  region size 1024K, 1 young (1024K), 1 survivors (1024K)
 Metaspace       used 128346K, capacity 130971K, committed 131228K, reserved 1163264K
  class space    used 15613K, capacity 16610K, committed 16664K, reserved 1048576K
}
Event: 9963.100 GC heap before
{Heap before GC invocations=81 (full 0):
 garbage-first heap   total 395264K, used 251367K [0x0000000080000000, 0x0000000100000000)
  region size 1024K, 75 young (76800K), 1 survivors (1024K)
 Metaspace       used 128763K, capacity 131465K, committed 131612K, reserved 1165312K
  class space    used 15656K, capacity 16656K, committed 16792K, reserved 1048576K
}
Event: 9963.123 GC heap after
{Heap after GC invocations=82 (full 0):
 garbage-first heap   total 395264K, used 181935K [0x0000000080000000, 0x0000000100000000)
  region size 1024K, 6 young (6144K), 6 survivors (6144K)
 Metaspace       used 128763K, capacity 131465K, committed 131612K, reserved 1165312K
  class space    used 15656K, capacity 16656K, committed 16792K, reserved 1048576K
}
Event: 9964.266 GC heap before
{Heap before GC invocations=83 (full 0):
 garbage-first heap   total 395264K, used 233135K [0x0000000080000000, 0x0000000100000000)
  region size 1024K, 47 young (48128K), 6 survivors (6144K)
 Metaspace       used 132004K, capacity 134771K, committed 135068K, reserved 1167360K
  class space    used 16090K, capacity 17114K, committed 17176K, reserved 1048576K
}
Event: 9964.283 GC heap after
{Heap after GC invocations=84 (full 0):
 garbage-first heap   total 395264K, used 201141K [0x0000000080000000, 0x0000000100000000)
  region size 1024K, 13 young (13312K), 13 survivors (13312K)
 Metaspace       used 132004K, capacity 134771K, committed 135068K, reserved 1167360K
  class space    used 16090K, capacity 17114K, committed 17176K, reserved 1048576K
}
Event: 9965.049 GC heap before
{Heap before GC invocations=85 (full 0):
 garbage-first heap   total 395264K, used 274869K [0x0000000080000000, 0x0000000100000000)
  region size 1024K, 59 young (60416K), 13 survivors (13312K)
 Metaspace       used 132390K, capacity 135190K, committed 135452K, reserved 1167360K
  class space    used 16145K, capacity 17192K, committed 17304K, reserved 1048576K
}
Event: 9965.130 GC heap after
{Heap after GC invocations=86 (full 0):
 garbage-first heap   total 395264K, used 228819K [0x0000000080000000, 0x0000000100000000)
  region size 1024K, 13 young (13312K), 13 survivors (13312K)
 Metaspace       used 132390K, capacity 135190K, committed 135452K, reserved 1167360K
  class space    used 16145K, capacity 17192K, committed 17304K, reserved 1048576K
}
Event: 9966.501 GC heap before
{Heap before GC invocations=87 (full 0):
 garbage-first heap   total 395264K, used 302547K [0x0000000080000000, 0x0000000100000000)
  region size 1024K, 84 young (86016K), 13 survivors (13312K)
 Metaspace       used 134837K, capacity 137694K, committed 138012K, reserved 1169408K
  class space    used 16616K, capacity 17685K, committed 17816K, reserved 1048576K
}
Event: 9966.644 GC heap after
{Heap after GC invocations=88 (full 0):
 garbage-first heap   total 395264K, used 261120K [0x0000000080000000, 0x0000000100000000)
  region size 1024K, 11 young (11264K), 11 survivors (11264K)
 Metaspace       used 134837K, capacity 137694K, committed 138012K, reserved 1169408K
  class space    used 16616K, capacity 17685K, committed 17816K, reserved 1048576K
}
Event: 9966.720 GC heap before
{Heap before GC invocations=88 (full 0):
 garbage-first heap   total 395264K, used 269312K [0x0000000080000000, 0x0000000100000000)
  region size 1024K, 19 young (19456K), 11 survivors (11264K)
 Metaspace       used 134844K, capacity 137696K, committed 138012K, reserved 1169408K
  class space    used 16616K, capacity 17685K, committed 17816K, reserved 1048576K
}
Event: 9966.780 GC heap after
{Heap after GC invocations=89 (full 0):
 garbage-first heap   total 395264K, used 265216K [0x0000000080000000, 0x0000000100000000)
  region size 1024K, 3 young (3072K), 3 survivors (3072K)
 Metaspace       used 134844K, capacity 137696K, committed 138012K, reserved 1169408K
  class space    used 16616K, capacity 17685K, committed 17816K, reserved 1048576K
}
Event: 9967.276 GC heap before
{Heap before GC invocations=89 (full 0):
 garbage-first heap   total 395264K, used 312320K [0x0000000080000000, 0x0000000100000000)
  region size 1024K, 50 young (51200K), 3 survivors (3072K)
 Metaspace       used 134851K, capacity 137697K, committed 138012K, reserved 1169408K
  class space    used 16616K, capacity 17685K, committed 17816K, reserved 1048576K
}
Event: 9967.346 GC heap after
{Heap after GC invocations=90 (full 0):
 garbage-first heap   total 574464K, used 290304K [0x0000000080000000, 0x0000000100000000)
  region size 1024K, 7 young (7168K), 7 survivors (7168K)
 Metaspace       used 134851K, capacity 137697K, committed 138012K, reserved 1169408K
  class space    used 16616K, capacity 17685K, committed 17816K, reserved 1048576K
}
Event: 9970.160 GC heap before
{Heap before GC invocations=91 (full 0):
 garbage-first heap   total 574464K, used 386560K [0x0000000080000000, 0x0000000100000000)
  region size 1024K, 101 young (103424K), 7 survivors (7168K)
 Metaspace       used 138292K, capacity 141381K, committed 141596K, reserved 1173504K
  class space    used 17062K, capacity 18231K, committed 18328K, reserved 1048576K
}
Event: 9970.220 GC heap after
{Heap after GC invocations=92 (full 0):
 garbage-first heap   total 574464K, used 303616K [0x0000000080000000, 0x0000000100000000)
  region size 1024K, 13 young (13312K), 13 survivors (13312K)
 Metaspace       used 138292K, capacity 141381K, committed 141596K, reserved 1173504K
  class space    used 17062K, capacity 18231K, committed 18328K, reserved 1048576K
}
Event: 9970.318 GC heap before
{Heap before GC invocations=92 (full 0):
 garbage-first heap   total 574464K, used 308736K [0x0000000080000000, 0x0000000100000000)
  region size 1024K, 19 young (19456K), 13 survivors (13312K)
 Metaspace       used 138299K, capacity 141382K, committed 141596K, reserved 1173504K
  class space    used 17062K, capacity 18231K, committed 18328K, reserved 1048576K
}
Event: 9970.373 GC heap after
{Heap after GC invocations=93 (full 0):
 garbage-first heap   total 574464K, used 306032K [0x0000000080000000, 0x0000000100000000)
  region size 1024K, 2 young (2048K), 2 survivors (2048K)
 Metaspace       used 138299K, capacity 141382K, committed 141596K, reserved 1173504K
  class space    used 17062K, capacity 18231K, committed 18328K, reserved 1048576K
}

