# JRE version: OpenJDK Runtime Environment (11.0.13) (build 11.0.13+0-b1751.21-8125866)
# Java VM: OpenJDK 64-Bit Server VM (11.0.13+0-b1751.21-8125866, mixed mode, tiered, compressed oops, g1 gc, windows-amd64)
Heap:
 garbage-first heap   total 227328K, used 163468K [0x0000000080000000, 0x0000000100000000)
  region size 1024K, 62 young (63488K), 2 survivors (2048K)
 Metaspace       used 111615K, capacity 114222K, committed 114332K, reserved 1148928K
  class space    used 13789K, capacity 14772K, committed 14880K, reserved 1048576K
GC Heap History (20 events):
Event: 1834.857 GC heap before
{Heap before GC invocations=29 (full 0):
 garbage-first heap   total 227328K, used 204203K [0x0000000080000000, 0x0000000100000000)
  region size 1024K, 88 young (90112K), 11 survivors (11264K)
 Metaspace       used 99580K, capacity 101856K, committed 101916K, reserved 1138688K
  class space    used 12562K, capacity 13427K, committed 13472K, reserved 1048576K
}
Event: 1834.890 GC heap after
{Heap after GC invocations=30 (full 0):
 garbage-first heap   total 227328K, used 105369K [0x0000000080000000, 0x0000000100000000)
  region size 1024K, 9 young (9216K), 9 survivors (9216K)
 Metaspace       used 99580K, capacity 101856K, committed 101916K, reserved 1138688K
  class space    used 12562K, capacity 13427K, committed 13472K, reserved 1048576K
}
Event: 1839.611 GC heap before
{Heap before GC invocations=30 (full 0):
 garbage-first heap   total 227328K, used 184217K [0x0000000080000000, 0x0000000100000000)
  region size 1024K, 87 young (89088K), 9 survivors (9216K)
 Metaspace       used 100055K, capacity 102307K, committed 102428K, reserved 1138688K
  class space    used 12577K, capacity 13455K, committed 13472K, reserved 1048576K
}
Event: 1839.641 GC heap after
{Heap after GC invocations=31 (full 0):
 garbage-first heap   total 227328K, used 112271K [0x0000000080000000, 0x0000000100000000)
  region size 1024K, 11 young (11264K), 11 survivors (11264K)
 Metaspace       used 100055K, capacity 102307K, committed 102428K, reserved 1138688K
  class space    used 12577K, capacity 13455K, committed 13472K, reserved 1048576K
}
Event: 2947.442 GC heap before
{Heap before GC invocations=31 (full 0):
 garbage-first heap   total 227328K, used 184975K [0x0000000080000000, 0x0000000100000000)
  region size 1024K, 83 young (84992K), 11 survivors (11264K)
 Metaspace       used 100501K, capacity 102942K, committed 103068K, reserved 1138688K
  class space    used 12600K, capacity 13493K, committed 13600K, reserved 1048576K
}
Event: 2947.459 GC heap after
{Heap after GC invocations=32 (full 0):
 garbage-first heap   total 227328K, used 111021K [0x0000000080000000, 0x0000000100000000)
  region size 1024K, 8 young (8192K), 8 survivors (8192K)
 Metaspace       used 100501K, capacity 102942K, committed 103068K, reserved 1138688K
  class space    used 12600K, capacity 13493K, committed 13600K, reserved 1048576K
}
Event: 2947.826 GC heap before
{Heap before GC invocations=32 (full 0):
 garbage-first heap   total 227328K, used 128429K [0x0000000080000000, 0x0000000100000000)
  region size 1024K, 26 young (26624K), 8 survivors (8192K)
 Metaspace       used 100694K, capacity 103061K, committed 103324K, reserved 1138688K
  class space    used 12628K, capacity 13532K, committed 13600K, reserved 1048576K
}
Event: 2947.844 GC heap after
{Heap after GC invocations=33 (full 0):
 garbage-first heap   total 227328K, used 111656K [0x0000000080000000, 0x0000000100000000)
  region size 1024K, 3 young (3072K), 3 survivors (3072K)
 Metaspace       used 100694K, capacity 103061K, committed 103324K, reserved 1138688K
  class space    used 12628K, capacity 13532K, committed 13600K, reserved 1048576K
}
Event: 2951.147 GC heap before
{Heap before GC invocations=34 (full 0):
 garbage-first heap   total 227328K, used 203816K [0x0000000080000000, 0x0000000100000000)
  region size 1024K, 75 young (76800K), 3 survivors (3072K)
 Metaspace       used 106276K, capacity 108559K, committed 108828K, reserved 1144832K
  class space    used 13219K, capacity 14088K, committed 14240K, reserved 1048576K
}
Event: 2951.161 GC heap after
{Heap after GC invocations=35 (full 0):
 garbage-first heap   total 227328K, used 113227K [0x0000000080000000, 0x0000000100000000)
  region size 1024K, 4 young (4096K), 4 survivors (4096K)
 Metaspace       used 106276K, capacity 108559K, committed 108828K, reserved 1144832K
  class space    used 13219K, capacity 14088K, committed 14240K, reserved 1048576K
}
Event: 2951.358 GC heap before
{Heap before GC invocations=35 (full 0):
 garbage-first heap   total 227328K, used 120395K [0x0000000080000000, 0x0000000100000000)
  region size 1024K, 11 young (11264K), 4 survivors (4096K)
 Metaspace       used 106527K, capacity 108861K, committed 109084K, reserved 1144832K
  class space    used 13246K, capacity 14125K, committed 14240K, reserved 1048576K
}
Event: 2951.388 GC heap after
{Heap after GC invocations=36 (full 0):
 garbage-first heap   total 227328K, used 98369K [0x0000000080000000, 0x0000000100000000)
  region size 1024K, 1 young (1024K), 1 survivors (1024K)
 Metaspace       used 106527K, capacity 108861K, committed 109084K, reserved 1144832K
  class space    used 13246K, capacity 14125K, committed 14240K, reserved 1048576K
}
Event: 2951.649 GC heap before
{Heap before GC invocations=36 (full 0):
 garbage-first heap   total 227328K, used 107585K [0x0000000080000000, 0x0000000100000000)
  region size 1024K, 11 young (11264K), 1 survivors (1024K)
 Metaspace       used 106742K, capacity 109051K, committed 109340K, reserved 1144832K
  class space    used 13272K, capacity 14165K, committed 14240K, reserved 1048576K
}
Event: 2951.667 GC heap after
{Heap after GC invocations=37 (full 0):
 garbage-first heap   total 227328K, used 97340K [0x0000000080000000, 0x0000000100000000)
  region size 1024K, 2 young (2048K), 2 survivors (2048K)
 Metaspace       used 106742K, capacity 109051K, committed 109340K, reserved 1144832K
  class space    used 13272K, capacity 14165K, committed 14240K, reserved 1048576K
}
Event: 2959.943 GC heap before
{Heap before GC invocations=37 (full 0):
 garbage-first heap   total 227328K, used 184380K [0x0000000080000000, 0x0000000100000000)
  region size 1024K, 87 young (89088K), 2 survivors (2048K)
 Metaspace       used 108809K, capacity 111206K, committed 111388K, reserved 1146880K
  class space    used 13487K, capacity 14382K, committed 14496K, reserved 1048576K
}
Event: 2959.961 GC heap after
{Heap after GC invocations=38 (full 0):
 garbage-first heap   total 227328K, used 102062K [0x0000000080000000, 0x0000000100000000)
  region size 1024K, 6 young (6144K), 6 survivors (6144K)
 Metaspace       used 108809K, capacity 111206K, committed 111388K, reserved 1146880K
  class space    used 13487K, capacity 14382K, committed 14496K, reserved 1048576K
}
Event: 3012.718 GC heap before
{Heap before GC invocations=38 (full 0):
 garbage-first heap   total 227328K, used 185006K [0x0000000080000000, 0x0000000100000000)
  region size 1024K, 88 young (90112K), 6 survivors (6144K)
 Metaspace       used 111045K, capacity 113650K, committed 113948K, reserved 1148928K
  class space    used 13749K, capacity 14702K, committed 14752K, reserved 1048576K
}
Event: 3012.745 GC heap after
{Heap after GC invocations=39 (full 0):
 garbage-first heap   total 227328K, used 106924K [0x0000000080000000, 0x0000000100000000)
  region size 1024K, 10 young (10240K), 10 survivors (10240K)
 Metaspace       used 111045K, capacity 113650K, committed 113948K, reserved 1148928K
  class space    used 13749K, capacity 14702K, committed 14752K, reserved 1048576K
}
Event: 3046.267 GC heap before
{Heap before GC invocations=39 (full 0):
 garbage-first heap   total 227328K, used 183724K [0x0000000080000000, 0x0000000100000000)
  region size 1024K, 86 young (88064K), 10 survivors (10240K)
 Metaspace       used 111429K, capacity 114074K, committed 114332K, reserved 1148928K
  class space    used 13784K, capacity 14767K, committed 14880K, reserved 1048576K
}
Event: 3046.282 GC heap after
{Heap after GC invocations=40 (full 0):
 garbage-first heap   total 227328K, used 104076K [0x0000000080000000, 0x0000000100000000)
  region size 1024K, 2 young (2048K), 2 survivors (2048K)
 Metaspace       used 111429K, capacity 114074K, committed 114332K, reserved 1148928K
  class space    used 13784K, capacity 14767K, committed 14880K, reserved 1048576K
}

