# JRE version: OpenJDK Runtime Environment (11.0.13) (build 11.0.13+0-b1751.21-8125866)
# Java VM: OpenJDK 64-Bit Server VM (11.0.13+0-b1751.21-8125866, mixed mode, tiered, compressed oops, g1 gc, windows-amd64)
Heap:
 garbage-first heap   total 131072K, used 60130K [0x0000000080000000, 0x0000000100000000)
  region size 1024K, 41 young (41984K), 7 survivors (7168K)
 Metaspace       used 42333K, capacity 43254K, committed 43548K, reserved 1087488K
  class space    used 5374K, capacity 5734K, committed 5792K, reserved 1048576K
GC Heap History (16 events):
Event: 1.075 GC heap before
{Heap before GC invocations=0 (full 0):
 garbage-first heap   total 131072K, used 16384K [0x0000000080000000, 0x0000000100000000)
  region size 1024K, 14 young (14336K), 0 survivors (0K)
 Metaspace       used 6797K, capacity 7001K, committed 7168K, reserved 1056768K
  class space    used 576K, capacity 650K, committed 768K, reserved 1048576K
}
Event: 1.086 GC heap after
{Heap after GC invocations=1 (full 0):
 garbage-first heap   total 131072K, used 4023K [0x0000000080000000, 0x0000000100000000)
  region size 1024K, 2 young (2048K), 2 survivors (2048K)
 Metaspace       used 6797K, capacity 7001K, committed 7168K, reserved 1056768K
  class space    used 576K, capacity 650K, committed 768K, reserved 1048576K
}
Event: 2.598 GC heap before
{Heap before GC invocations=1 (full 0):
 garbage-first heap   total 131072K, used 43959K [0x0000000080000000, 0x0000000100000000)
  region size 1024K, 38 young (38912K), 2 survivors (2048K)
 Metaspace       used 11306K, capacity 11584K, committed 11776K, reserved 1060864K
  class space    used 1156K, capacity 1244K, committed 1280K, reserved 1048576K
}
Event: 2.605 GC heap after
{Heap after GC invocations=2 (full 0):
 garbage-first heap   total 131072K, used 9874K [0x0000000080000000, 0x0000000100000000)
  region size 1024K, 5 young (5120K), 5 survivors (5120K)
 Metaspace       used 11306K, capacity 11584K, committed 11776K, reserved 1060864K
  class space    used 1156K, capacity 1244K, committed 1280K, reserved 1048576K
}
Event: 10.139 GC heap before
{Heap before GC invocations=2 (full 0):
 garbage-first heap   total 131072K, used 49810K [0x0000000080000000, 0x0000000100000000)
  region size 1024K, 43 young (44032K), 5 survivors (5120K)
 Metaspace       used 16079K, capacity 16461K, committed 16640K, reserved 1064960K
  class space    used 1809K, capacity 1935K, committed 2048K, reserved 1048576K
}
Event: 10.507 GC heap after
{Heap after GC invocations=3 (full 0):
 garbage-first heap   total 131072K, used 15393K [0x0000000080000000, 0x0000000100000000)
  region size 1024K, 6 young (6144K), 6 survivors (6144K)
 Metaspace       used 16079K, capacity 16461K, committed 16640K, reserved 1064960K
  class space    used 1809K, capacity 1935K, committed 2048K, reserved 1048576K
}
Event: 13.001 GC heap before
{Heap before GC invocations=3 (full 0):
 garbage-first heap   total 131072K, used 54305K [0x0000000080000000, 0x0000000100000000)
  region size 1024K, 45 young (46080K), 6 survivors (6144K)
 Metaspace       used 20794K, capacity 21155K, committed 21296K, reserved 1069056K
  class space    used 2518K, capacity 2650K, committed 2688K, reserved 1048576K
}
Event: 13.014 GC heap after
{Heap after GC invocations=4 (full 0):
 garbage-first heap   total 131072K, used 17051K [0x0000000080000000, 0x0000000100000000)
  region size 1024K, 2 young (2048K), 2 survivors (2048K)
 Metaspace       used 20794K, capacity 21155K, committed 21296K, reserved 1069056K
  class space    used 2518K, capacity 2650K, committed 2688K, reserved 1048576K
}
Event: 14.909 GC heap before
{Heap before GC invocations=5 (full 0):
 garbage-first heap   total 131072K, used 69275K [0x0000000080000000, 0x0000000100000000)
  region size 1024K, 53 young (54272K), 2 survivors (2048K)
 Metaspace       used 26171K, capacity 26762K, committed 26800K, reserved 1073152K
  class space    used 3363K, capacity 3567K, committed 3584K, reserved 1048576K
}
Event: 14.920 GC heap after
{Heap after GC invocations=6 (full 0):
 garbage-first heap   total 131072K, used 18799K [0x0000000080000000, 0x0000000100000000)
  region size 1024K, 4 young (4096K), 4 survivors (4096K)
 Metaspace       used 26171K, capacity 26762K, committed 26800K, reserved 1073152K
  class space    used 3363K, capacity 3567K, committed 3584K, reserved 1048576K
}
Event: 16.887 GC heap before
{Heap before GC invocations=6 (full 0):
 garbage-first heap   total 131072K, used 80239K [0x0000000080000000, 0x0000000100000000)
  region size 1024K, 64 young (65536K), 4 survivors (4096K)
 Metaspace       used 35046K, capacity 35778K, committed 35920K, reserved 1081344K
  class space    used 4468K, capacity 4749K, committed 4768K, reserved 1048576K
}
Event: 16.901 GC heap after
{Heap after GC invocations=7 (full 0):
 garbage-first heap   total 131072K, used 22153K [0x0000000080000000, 0x0000000100000000)
  region size 1024K, 7 young (7168K), 7 survivors (7168K)
 Metaspace       used 35046K, capacity 35778K, committed 35920K, reserved 1081344K
  class space    used 4468K, capacity 4749K, committed 4768K, reserved 1048576K
}
Event: 16.918 GC heap before
{Heap before GC invocations=7 (full 0):
 garbage-first heap   total 131072K, used 22153K [0x0000000080000000, 0x0000000100000000)
  region size 1024K, 8 young (8192K), 7 survivors (7168K)
 Metaspace       used 35092K, capacity 35842K, committed 35920K, reserved 1081344K
  class space    used 4476K, capacity 4749K, committed 4768K, reserved 1048576K
}
Event: 16.934 GC heap after
{Heap after GC invocations=8 (full 0):
 garbage-first heap   total 131072K, used 22677K [0x0000000080000000, 0x0000000100000000)
  region size 1024K, 4 young (4096K), 4 survivors (4096K)
 Metaspace       used 35092K, capacity 35842K, committed 35920K, reserved 1081344K
  class space    used 4476K, capacity 4749K, committed 4768K, reserved 1048576K
}
Event: 19.073 GC heap before
{Heap before GC invocations=9 (full 0):
 garbage-first heap   total 131072K, used 77973K [0x0000000080000000, 0x0000000100000000)
  region size 1024K, 56 young (57344K), 4 survivors (4096K)
 Metaspace       used 39200K, capacity 40072K, committed 40220K, reserved 1085440K
  class space    used 4928K, capacity 5259K, committed 5280K, reserved 1048576K
}
Event: 19.090 GC heap after
{Heap after GC invocations=10 (full 0):
 garbage-first heap   total 131072K, used 26338K [0x0000000080000000, 0x0000000100000000)
  region size 1024K, 7 young (7168K), 7 survivors (7168K)
 Metaspace       used 39200K, capacity 40072K, committed 40220K, reserved 1085440K
  class space    used 4928K, capacity 5259K, committed 5280K, reserved 1048576K
}

