# JRE version: OpenJDK Runtime Environment (11.0.13) (build 11.0.13+0-b1751.21-8125866)
# Java VM: OpenJDK 64-Bit Server VM (11.0.13+0-b1751.21-8125866, mixed mode, tiered, compressed oops, g1 gc, windows-amd64)
Heap:
 garbage-first heap   total 189440K, used 88128K [0x0000000080000000, 0x0000000100000000)
  region size 1024K, 39 young (39936K), 8 survivors (8192K)
 Metaspace       used 67748K, capacity 69230K, committed 69532K, reserved 1110016K
  class space    used 8504K, capacity 9085K, committed 9196K, reserved 1048576K
GC Heap History (20 events):
Event: 2.084 GC heap before
{Heap before GC invocations=2 (full 0):
 garbage-first heap   total 131072K, used 40335K [0x0000000080000000, 0x0000000100000000)
  region size 1024K, 34 young (34816K), 4 survivors (4096K)
 Metaspace       used 11483K, capacity 11832K, committed 12160K, reserved 1060864K
  class space    used 1193K, capacity 1284K, committed 1408K, reserved 1048576K
}
Event: 2.094 GC heap after
{Heap after GC invocations=3 (full 0):
 garbage-first heap   total 131072K, used 14326K [0x0000000080000000, 0x0000000100000000)
  region size 1024K, 5 young (5120K), 5 survivors (5120K)
 Metaspace       used 11483K, capacity 11832K, committed 12160K, reserved 1060864K
  class space    used 1193K, capacity 1284K, committed 1408K, reserved 1048576K
}
Event: 3.302 GC heap before
{Heap before GC invocations=3 (full 0):
 garbage-first heap   total 131072K, used 54262K [0x0000000080000000, 0x0000000100000000)
  region size 1024K, 44 young (45056K), 5 survivors (5120K)
 Metaspace       used 19053K, capacity 19474K, committed 19584K, reserved 1067008K
  class space    used 2274K, capacity 2409K, committed 2432K, reserved 1048576K
}
Event: 3.313 GC heap after
{Heap after GC invocations=4 (full 0):
 garbage-first heap   total 131072K, used 17117K [0x0000000080000000, 0x0000000100000000)
  region size 1024K, 6 young (6144K), 6 survivors (6144K)
 Metaspace       used 19053K, capacity 19474K, committed 19584K, reserved 1067008K
  class space    used 2274K, capacity 2409K, committed 2432K, reserved 1048576K
}
Event: 3.588 GC heap before
{Heap before GC invocations=4 (full 0):
 garbage-first heap   total 131072K, used 32477K [0x0000000080000000, 0x0000000100000000)
  region size 1024K, 22 young (22528K), 6 survivors (6144K)
 Metaspace       used 20739K, capacity 21149K, committed 21296K, reserved 1069056K
  class space    used 2514K, capacity 2648K, committed 2688K, reserved 1048576K
}
Event: 3.597 GC heap after
{Heap after GC invocations=5 (full 0):
 garbage-first heap   total 157696K, used 17869K [0x0000000080000000, 0x0000000100000000)
  region size 1024K, 4 young (4096K), 4 survivors (4096K)
 Metaspace       used 20739K, capacity 21149K, committed 21296K, reserved 1069056K
  class space    used 2514K, capacity 2648K, committed 2688K, reserved 1048576K
}
Event: 4.671 GC heap before
{Heap before GC invocations=6 (full 0):
 garbage-first heap   total 157696K, used 75213K [0x0000000080000000, 0x0000000100000000)
  region size 1024K, 60 young (61440K), 4 survivors (4096K)
 Metaspace       used 26497K, capacity 27117K, committed 27388K, reserved 1073152K
  class space    used 3409K, capacity 3600K, committed 3660K, reserved 1048576K
}
Event: 4.683 GC heap after
{Heap after GC invocations=7 (full 0):
 garbage-first heap   total 157696K, used 19554K [0x0000000080000000, 0x0000000100000000)
  region size 1024K, 5 young (5120K), 5 survivors (5120K)
 Metaspace       used 26497K, capacity 27117K, committed 27388K, reserved 1073152K
  class space    used 3409K, capacity 3600K, committed 3660K, reserved 1048576K
}
Event: 6.479 GC heap before
{Heap before GC invocations=7 (full 0):
 garbage-first heap   total 157696K, used 77922K [0x0000000080000000, 0x0000000100000000)
  region size 1024K, 63 young (64512K), 5 survivors (5120K)
 Metaspace       used 35103K, capacity 35874K, committed 35964K, reserved 1081344K
  class space    used 4479K, capacity 4781K, committed 4812K, reserved 1048576K
}
Event: 6.500 GC heap after
{Heap after GC invocations=8 (full 0):
 garbage-first heap   total 157696K, used 23070K [0x0000000080000000, 0x0000000100000000)
  region size 1024K, 9 young (9216K), 9 survivors (9216K)
 Metaspace       used 35103K, capacity 35874K, committed 35964K, reserved 1081344K
  class space    used 4479K, capacity 4781K, committed 4812K, reserved 1048576K
}
Event: 9.111 GC heap before
{Heap before GC invocations=9 (full 0):
 garbage-first heap   total 157696K, used 95774K [0x0000000080000000, 0x0000000100000000)
  region size 1024K, 78 young (79872K), 9 survivors (9216K)
 Metaspace       used 40590K, capacity 41491K, committed 41852K, reserved 1085440K
  class space    used 5096K, capacity 5453K, committed 5580K, reserved 1048576K
}
Event: 9.142 GC heap after
{Heap after GC invocations=10 (full 0):
 garbage-first heap   total 157696K, used 28980K [0x0000000080000000, 0x0000000100000000)
  region size 1024K, 10 young (10240K), 10 survivors (10240K)
 Metaspace       used 40590K, capacity 41491K, committed 41852K, reserved 1085440K
  class space    used 5096K, capacity 5453K, committed 5580K, reserved 1048576K
}
Event: 11.330 GC heap before
{Heap before GC invocations=10 (full 0):
 garbage-first heap   total 157696K, used 113972K [0x0000000080000000, 0x0000000100000000)
  region size 1024K, 92 young (94208K), 10 survivors (10240K)
 Metaspace       used 47635K, capacity 48758K, committed 48892K, reserved 1091584K
  class space    used 6016K, capacity 6440K, committed 6476K, reserved 1048576K
}
Event: 11.353 GC heap after
{Heap after GC invocations=11 (full 0):
 garbage-first heap   total 189440K, used 32025K [0x0000000080000000, 0x0000000100000000)
  region size 1024K, 9 young (9216K), 9 survivors (9216K)
 Metaspace       used 47635K, capacity 48758K, committed 48892K, reserved 1091584K
  class space    used 6016K, capacity 6440K, committed 6476K, reserved 1048576K
}
Event: 14.237 GC heap before
{Heap before GC invocations=11 (full 0):
 garbage-first heap   total 189440K, used 144665K [0x0000000080000000, 0x0000000100000000)
  region size 1024K, 111 young (113664K), 9 survivors (9216K)
 Metaspace       used 56888K, capacity 58146K, committed 58236K, reserved 1099776K
  class space    used 7100K, capacity 7585K, committed 7628K, reserved 1048576K
}
Event: 14.261 GC heap after
{Heap after GC invocations=12 (full 0):
 garbage-first heap   total 189440K, used 50062K [0x0000000080000000, 0x0000000100000000)
  region size 1024K, 14 young (14336K), 14 survivors (14336K)
 Metaspace       used 56888K, capacity 58146K, committed 58236K, reserved 1099776K
  class space    used 7100K, capacity 7585K, committed 7628K, reserved 1048576K
}
Event: 14.660 GC heap before
{Heap before GC invocations=12 (full 0):
 garbage-first heap   total 189440K, used 63374K [0x0000000080000000, 0x0000000100000000)
  region size 1024K, 28 young (28672K), 14 survivors (14336K)
 Metaspace       used 58847K, capacity 60254K, committed 60368K, reserved 1101824K
  class space    used 7391K, capacity 7906K, committed 7968K, reserved 1048576K
}
Event: 14.685 GC heap after
{Heap after GC invocations=13 (full 0):
 garbage-first heap   total 189440K, used 51345K [0x0000000080000000, 0x0000000100000000)
  region size 1024K, 2 young (2048K), 2 survivors (2048K)
 Metaspace       used 58847K, capacity 60254K, committed 60368K, reserved 1101824K
  class space    used 7391K, capacity 7906K, committed 7968K, reserved 1048576K
}
Event: 17.922 GC heap before
{Heap before GC invocations=14 (full 0):
 garbage-first heap   total 189440K, used 155793K [0x0000000080000000, 0x0000000100000000)
  region size 1024K, 97 young (99328K), 2 survivors (2048K)
 Metaspace       used 66956K, capacity 68459K, committed 68636K, reserved 1110016K
  class space    used 8398K, capacity 8980K, committed 9068K, reserved 1048576K
}
Event: 17.944 GC heap after
{Heap after GC invocations=15 (full 0):
 garbage-first heap   total 189440K, used 57408K [0x0000000080000000, 0x0000000100000000)
  region size 1024K, 8 young (8192K), 8 survivors (8192K)
 Metaspace       used 66956K, capacity 68459K, committed 68636K, reserved 1110016K
  class space    used 8398K, capacity 8980K, committed 9068K, reserved 1048576K
}

