# JRE version: OpenJDK Runtime Environment (11.0.13) (build 11.0.13+0-b1751.21-8125866)
# Java VM: OpenJDK 64-Bit Server VM (11.0.13+0-b1751.21-8125866, mixed mode, tiered, compressed oops, g1 gc, windows-amd64)
Heap:
 garbage-first heap   total 434176K, used 281587K [0x0000000080000000, 0x0000000100000000)
  region size 1024K, 2 young (2048K), 2 survivors (2048K)
 Metaspace       used 151691K, capacity 155550K, committed 155816K, reserved 1185792K
  class space    used 18588K, capacity 19953K, committed 20120K, reserved 1048576K
GC Heap History (20 events):
Event: 6424.073 GC heap after
{Heap after GC invocations=86 (full 0):
 garbage-first heap   total 328704K, used 249439K [0x0000000080000000, 0x0000000100000000)
  region size 1024K, 2 young (2048K), 2 survivors (2048K)
 Metaspace       used 151147K, capacity 154959K, committed 155304K, reserved 1185792K
  class space    used 18559K, capacity 19926K, committed 20120K, reserved 1048576K
}
Event: 6424.901 GC heap before
{Heap before GC invocations=86 (full 0):
 garbage-first heap   total 328704K, used 269919K [0x0000000080000000, 0x0000000100000000)
  region size 1024K, 23 young (23552K), 2 survivors (2048K)
 Metaspace       used 151191K, capacity 154963K, committed 155304K, reserved 1185792K
  class space    used 18563K, capacity 19927K, committed 20120K, reserved 1048576K
}
Event: 6424.932 GC heap after
{Heap after GC invocations=87 (full 0):
 garbage-first heap   total 328704K, used 260539K [0x0000000080000000, 0x0000000100000000)
  region size 1024K, 3 young (3072K), 3 survivors (3072K)
 Metaspace       used 151191K, capacity 154963K, committed 155304K, reserved 1185792K
  class space    used 18563K, capacity 19927K, committed 20120K, reserved 1048576K
}
Event: 6425.670 GC heap before
{Heap before GC invocations=87 (full 0):
 garbage-first heap   total 328704K, used 275899K [0x0000000080000000, 0x0000000100000000)
  region size 1024K, 18 young (18432K), 3 survivors (3072K)
 Metaspace       used 151246K, capacity 155037K, committed 155560K, reserved 1185792K
  class space    used 18570K, capacity 19930K, committed 20120K, reserved 1048576K
}
Event: 6425.694 GC heap after
{Heap after GC invocations=88 (full 0):
 garbage-first heap   total 328704K, used 268193K [0x0000000080000000, 0x0000000100000000)
  region size 1024K, 3 young (3072K), 3 survivors (3072K)
 Metaspace       used 151246K, capacity 155037K, committed 155560K, reserved 1185792K
  class space    used 18570K, capacity 19930K, committed 20120K, reserved 1048576K
}
Event: 6426.459 GC heap before
{Heap before GC invocations=89 (full 0):
 garbage-first heap   total 328704K, used 281505K [0x0000000080000000, 0x0000000100000000)
  region size 1024K, 16 young (16384K), 3 survivors (3072K)
 Metaspace       used 151242K, capacity 155028K, committed 155560K, reserved 1185792K
  class space    used 18569K, capacity 19927K, committed 20120K, reserved 1048576K
}
Event: 6426.481 GC heap after
{Heap after GC invocations=90 (full 0):
 garbage-first heap   total 328704K, used 275456K [0x0000000080000000, 0x0000000100000000)
  region size 1024K, 2 young (2048K), 2 survivors (2048K)
 Metaspace       used 151242K, capacity 155028K, committed 155560K, reserved 1185792K
  class space    used 18569K, capacity 19927K, committed 20120K, reserved 1048576K
}
Event: 6427.125 GC heap before
{Heap before GC invocations=90 (full 0):
 garbage-first heap   total 328704K, used 289792K [0x0000000080000000, 0x0000000100000000)
  region size 1024K, 16 young (16384K), 2 survivors (2048K)
 Metaspace       used 151259K, capacity 155028K, committed 155560K, reserved 1185792K
  class space    used 18569K, capacity 19927K, committed 20120K, reserved 1048576K
}
Event: 6427.158 GC heap after
{Heap after GC invocations=91 (full 0):
 garbage-first heap   total 328704K, used 281600K [0x0000000080000000, 0x0000000100000000)
  region size 1024K, 2 young (2048K), 2 survivors (2048K)
 Metaspace       used 151259K, capacity 155028K, committed 155560K, reserved 1185792K
  class space    used 18569K, capacity 19927K, committed 20120K, reserved 1048576K
}
Event: 6428.169 GC heap before
{Heap before GC invocations=91 (full 0):
 garbage-first heap   total 328704K, used 295936K [0x0000000080000000, 0x0000000100000000)
  region size 1024K, 16 young (16384K), 2 survivors (2048K)
 Metaspace       used 151358K, capacity 155113K, committed 155560K, reserved 1185792K
  class space    used 18575K, capacity 19931K, committed 20120K, reserved 1048576K
}
Event: 6428.193 GC heap after
{Heap after GC invocations=92 (full 0):
 garbage-first heap   total 328704K, used 288655K [0x0000000080000000, 0x0000000100000000)
  region size 1024K, 2 young (2048K), 2 survivors (2048K)
 Metaspace       used 151358K, capacity 155113K, committed 155560K, reserved 1185792K
  class space    used 18575K, capacity 19931K, committed 20120K, reserved 1048576K
}
Event: 6429.056 GC heap before
{Heap before GC invocations=92 (full 0):
 garbage-first heap   total 328704K, used 301967K [0x0000000080000000, 0x0000000100000000)
  region size 1024K, 16 young (16384K), 2 survivors (2048K)
 Metaspace       used 151530K, capacity 155390K, committed 155816K, reserved 1185792K
  class space    used 18587K, capacity 19953K, committed 20120K, reserved 1048576K
}
Event: 6429.068 GC heap after
{Heap after GC invocations=93 (full 0):
 garbage-first heap   total 328704K, used 290365K [0x0000000080000000, 0x0000000100000000)
  region size 1024K, 1 young (1024K), 1 survivors (1024K)
 Metaspace       used 151530K, capacity 155390K, committed 155816K, reserved 1185792K
  class space    used 18587K, capacity 19953K, committed 20120K, reserved 1048576K
}
Event: 6429.671 GC heap before
{Heap before GC invocations=94 (full 0):
 garbage-first heap   total 328704K, used 293437K [0x0000000080000000, 0x0000000100000000)
  region size 1024K, 16 young (16384K), 1 survivors (1024K)
 Metaspace       used 151548K, capacity 155394K, committed 155816K, reserved 1185792K
  class space    used 18587K, capacity 19953K, committed 20120K, reserved 1048576K
}
Event: 6429.678 GC heap after
{Heap after GC invocations=95 (full 0):
 garbage-first heap   total 328704K, used 281534K [0x0000000080000000, 0x0000000100000000)
  region size 1024K, 2 young (2048K), 2 survivors (2048K)
 Metaspace       used 151548K, capacity 155394K, committed 155816K, reserved 1185792K
  class space    used 18587K, capacity 19953K, committed 20120K, reserved 1048576K
}
Event: 6430.150 GC heap before
{Heap before GC invocations=95 (full 0):
 garbage-first heap   total 328704K, used 295870K [0x0000000080000000, 0x0000000100000000)
  region size 1024K, 16 young (16384K), 2 survivors (2048K)
 Metaspace       used 151595K, capacity 155407K, committed 155816K, reserved 1185792K
  class space    used 18587K, capacity 19953K, committed 20120K, reserved 1048576K
}
Event: 6430.228 GC heap after
{Heap after GC invocations=96 (full 0):
 garbage-first heap   total 328704K, used 272623K [0x0000000080000000, 0x0000000100000000)
  region size 1024K, 2 young (2048K), 2 survivors (2048K)
 Metaspace       used 151595K, capacity 155407K, committed 155816K, reserved 1185792K
  class space    used 18587K, capacity 19953K, committed 20120K, reserved 1048576K
}
Event: 6431.123 GC heap before
{Heap before GC invocations=96 (full 0):
 garbage-first heap   total 328704K, used 286959K [0x0000000080000000, 0x0000000100000000)
  region size 1024K, 16 young (16384K), 2 survivors (2048K)
 Metaspace       used 151676K, capacity 155485K, committed 155816K, reserved 1185792K
  class space    used 18588K, capacity 19953K, committed 20120K, reserved 1048576K
}
Event: 6431.144 GC heap after
{Heap after GC invocations=97 (full 0):
 garbage-first heap   total 328704K, used 274624K [0x0000000080000000, 0x0000000100000000)
  region size 1024K, 2 young (2048K), 2 survivors (2048K)
 Metaspace       used 151676K, capacity 155485K, committed 155816K, reserved 1185792K
  class space    used 18588K, capacity 19953K, committed 20120K, reserved 1048576K
}
Event: 6431.954 GC heap before
{Heap before GC invocations=97 (full 0):
 garbage-first heap   total 328704K, used 295104K [0x0000000080000000, 0x0000000100000000)
  region size 1024K, 16 young (16384K), 2 survivors (2048K)
 Metaspace       used 151691K, capacity 155550K, committed 155816K, reserved 1185792K
  class space    used 18588K, capacity 19953K, committed 20120K, reserved 1048576K
}

